<?xml version="1.0" encoding="UTF-8"?>
<!-- Generated by org.testng.reporters.JUnitReportReporter -->
<testsuite hostname="vijaykgf" name="com.aryaan.shortlist.roughwork.Sampletest" tests="1" failures="0" timestamp="4 Jun 2016 07:35:21 GMT" time="0.016" errors="0">
  <testcase name="test" time="0.016" classname="com.aryaan.shortlist.roughwork.Sampletest"/>
</testsuite> <!-- com.aryaan.shortlist.roughwork.Sampletest -->
